  [1m[36m (1.2ms)[0m  [1mCREATE TABLE "schema_migrations" ("version" varchar NOT NULL) [0m
  [1m[35m (0.0ms)[0m  select sqlite_version(*)
  [1m[36m (1.0ms)[0m  [1mCREATE UNIQUE INDEX "unique_schema_migrations" ON "schema_migrations" ("version")[0m
  [1m[35mActiveRecord::SchemaMigration Load (0.1ms)[0m  SELECT "schema_migrations".* FROM "schema_migrations"
  [1m[36mActiveRecord::SchemaMigration Load (0.1ms)[0m  [1mSELECT "schema_migrations".* FROM "schema_migrations"[0m
Migrating to CreatePosts (20151230232412)
  [1m[35m (0.1ms)[0m  begin transaction
  [1m[36m (0.4ms)[0m  [1mCREATE TABLE "posts" ("id" INTEGER PRIMARY KEY AUTOINCREMENT NOT NULL, "title" varchar, "description" text, "created_at" datetime NOT NULL, "updated_at" datetime NOT NULL) [0m
  [1m[35mSQL (0.2ms)[0m  INSERT INTO "schema_migrations" ("version") VALUES (?)  [["version", "20151230232412"]]
  [1m[36m (1.3ms)[0m  [1mcommit transaction[0m
  [1m[35mActiveRecord::SchemaMigration Load (0.1ms)[0m  SELECT "schema_migrations".* FROM "schema_migrations"


Started GET "/posts/1" for ::1 at 2018-12-16 17:22:29 -0600
  [1m[36mActiveRecord::SchemaMigration Load (0.2ms)[0m  [1mSELECT "schema_migrations".* FROM "schema_migrations"[0m
Processing by PostsController#show as HTML
  Parameters: {"id"=>"1"}
  [1m[35mPost Load (0.2ms)[0m  SELECT  "posts".* FROM "posts" WHERE "posts"."id" = ? LIMIT 1  [["id", 1]]
Completed 404 Not Found in 24ms (ActiveRecord: 0.7ms)

ActiveRecord::RecordNotFound (Couldn't find Post with 'id'=1):
  app/controllers/posts_controller.rb:7:in `show'


  Rendered /Users/clairenguyen/.rvm/gems/ruby-2.3.3/gems/actionpack-4.2.11/lib/action_dispatch/middleware/templates/rescues/_source.erb (4.5ms)
  Rendered /Users/clairenguyen/.rvm/gems/ruby-2.3.3/gems/actionpack-4.2.11/lib/action_dispatch/middleware/templates/rescues/_trace.html.erb (2.4ms)
  Rendered /Users/clairenguyen/.rvm/gems/ruby-2.3.3/gems/actionpack-4.2.11/lib/action_dispatch/middleware/templates/rescues/_request_and_response.html.erb (1.1ms)
  Rendered /Users/clairenguyen/.rvm/gems/ruby-2.3.3/gems/actionpack-4.2.11/lib/action_dispatch/middleware/templates/rescues/diagnostics.html.erb within rescues/layout (105.9ms)


Started GET "/posts" for ::1 at 2018-12-16 17:22:36 -0600
Processing by PostsController#index as HTML
  [1m[36mPost Load (0.3ms)[0m  [1mSELECT "posts".* FROM "posts"[0m
  Rendered posts/index.html.erb within layouts/application (2.0ms)
Completed 200 OK in 483ms (Views: 481.8ms | ActiveRecord: 0.3ms)


Started GET "/assets/application.self-e80e8f2318043e8af94dddc2adad5a4f09739a8ebb323b3ab31cd71d45fd9113.css?body=1" for ::1 at 2018-12-16 17:22:37 -0600


Started GET "/assets/turbolinks.self-569ee74eaa15c1e2019317ff770b8769b1ec033a0f572a485f64c82ddc8f989e.js?body=1" for ::1 at 2018-12-16 17:22:37 -0600


Started GET "/assets/jquery.self-bd7ddd393353a8d2480a622e80342adf488fb6006d667e8b42e4c0073393abee.js?body=1" for ::1 at 2018-12-16 17:22:37 -0600


Started GET "/assets/application.self-3b8dabdc891efe46b9a144b400ad69e37d7e5876bdc39dee783419a69d7ca819.js?body=1" for ::1 at 2018-12-16 17:22:37 -0600


Started GET "/assets/jquery_ujs.self-784a997f6726036b1993eb2217c9cb558e1cbb801c6da88105588c56f13b466a.js?body=1" for ::1 at 2018-12-16 17:22:37 -0600


Started GET "/posts/1" for ::1 at 2018-12-16 17:22:42 -0600
Processing by PostsController#show as HTML
  Parameters: {"id"=>"1"}
  [1m[35mPost Load (0.2ms)[0m  SELECT  "posts".* FROM "posts" WHERE "posts"."id" = ? LIMIT 1  [["id", 1]]
Completed 404 Not Found in 2ms (ActiveRecord: 0.2ms)

ActiveRecord::RecordNotFound (Couldn't find Post with 'id'=1):
  app/controllers/posts_controller.rb:7:in `show'


  Rendered /Users/clairenguyen/.rvm/gems/ruby-2.3.3/gems/actionpack-4.2.11/lib/action_dispatch/middleware/templates/rescues/_source.erb (3.4ms)
  Rendered /Users/clairenguyen/.rvm/gems/ruby-2.3.3/gems/actionpack-4.2.11/lib/action_dispatch/middleware/templates/rescues/_trace.html.erb (2.1ms)
  Rendered /Users/clairenguyen/.rvm/gems/ruby-2.3.3/gems/actionpack-4.2.11/lib/action_dispatch/middleware/templates/rescues/_request_and_response.html.erb (1.1ms)
  Rendered /Users/clairenguyen/.rvm/gems/ruby-2.3.3/gems/actionpack-4.2.11/lib/action_dispatch/middleware/templates/rescues/diagnostics.html.erb within rescues/layout (87.3ms)
  [1m[36mActiveRecord::SchemaMigration Load (0.4ms)[0m  [1mSELECT "schema_migrations".* FROM "schema_migrations"[0m
  [1m[35m (0.1ms)[0m  begin transaction
  [1m[36mSQL (2.0ms)[0m  [1mINSERT INTO "posts" ("title", "description", "created_at", "updated_at") VALUES (?, ?, ?, ?)[0m  [["title", "Title Here"], ["description", "Description Here"], ["created_at", "2018-12-16 23:52:58.176659"], ["updated_at", "2018-12-16 23:52:58.176659"]]
  [1m[35m (1.4ms)[0m  commit transaction
  [1m[36mPost Load (3.2ms)[0m  [1mSELECT "posts".* FROM "posts"[0m


Started GET "/posts/" for ::1 at 2018-12-16 17:54:24 -0600
  [1m[36mActiveRecord::SchemaMigration Load (0.8ms)[0m  [1mSELECT "schema_migrations".* FROM "schema_migrations"[0m
Processing by PostsController#index as HTML
  [1m[35mPost Load (0.8ms)[0m  SELECT "posts".* FROM "posts"
  Rendered posts/index.html.erb within layouts/application (9.0ms)
Completed 200 OK in 677ms (Views: 639.3ms | ActiveRecord: 1.6ms)


Started GET "/posts/1" for ::1 at 2018-12-16 17:54:27 -0600
Processing by PostsController#show as HTML
  Parameters: {"id"=>"1"}
  [1m[36mPost Load (0.6ms)[0m  [1mSELECT  "posts".* FROM "posts" WHERE "posts"."id" = ? LIMIT 1[0m  [["id", 1]]
  Rendered posts/show.html.erb within layouts/application (0.8ms)
Completed 200 OK in 50ms (Views: 31.1ms | ActiveRecord: 0.6ms)


Started GET "/posts/" for ::1 at 2018-12-16 18:00:15 -0600
  [1m[36mActiveRecord::SchemaMigration Load (0.2ms)[0m  [1mSELECT "schema_migrations".* FROM "schema_migrations"[0m
Processing by PostsController#index as HTML
  [1m[35mPost Load (0.2ms)[0m  SELECT "posts".* FROM "posts"
  Rendered posts/index.html.erb within layouts/application (7.1ms)
Completed 200 OK in 349ms (Views: 315.9ms | ActiveRecord: 0.6ms)


Started GET "/posts/1" for ::1 at 2018-12-16 18:03:26 -0600
Processing by PostsController#show as HTML
  Parameters: {"id"=>"1"}
  [1m[36mPost Load (0.4ms)[0m  [1mSELECT  "posts".* FROM "posts" WHERE "posts"."id" = ? LIMIT 1[0m  [["id", 1]]
  Rendered posts/show.html.erb within layouts/application (0.7ms)
Completed 200 OK in 51ms (Views: 37.1ms | ActiveRecord: 0.4ms)


Started GET "/posts/" for ::1 at 2018-12-16 18:03:30 -0600
Processing by PostsController#index as HTML
  Rendered posts/index.html.erb within layouts/application (1.1ms)
Completed 500 Internal Server Error in 16ms (ActiveRecord: 0.0ms)

SyntaxError (/Users/clairenguyen/Development/flatiron/week-4/rails-intro-labs/rails-url-helpers-readme-houston-web-111918/app/views/posts/index.html.erb:13: syntax error, unexpected keyword_ensure, expecting keyword_end
/Users/clairenguyen/Development/flatiron/week-4/rails-intro-labs/rails-url-helpers-readme-houston-web-111918/app/views/posts/index.html.erb:15: syntax error, unexpected end-of-input, expecting keyword_end):
  app/views/posts/index.html.erb:13: syntax error, unexpected keyword_ensure, expecting keyword_end
  app/views/posts/index.html.erb:15: syntax error, unexpected end-of-input, expecting keyword_end


  Rendered /Library/Ruby/Gems/2.3.0/gems/actionpack-4.2.11/lib/action_dispatch/middleware/templates/rescues/_source.erb (11.9ms)
  Rendered /Library/Ruby/Gems/2.3.0/gems/actionpack-4.2.11/lib/action_dispatch/middleware/templates/rescues/_trace.html.erb (3.5ms)
  Rendered /Library/Ruby/Gems/2.3.0/gems/actionpack-4.2.11/lib/action_dispatch/middleware/templates/rescues/_request_and_response.html.erb (1.4ms)
  Rendered /Library/Ruby/Gems/2.3.0/gems/actionpack-4.2.11/lib/action_dispatch/middleware/templates/rescues/diagnostics.html.erb within rescues/layout (102.3ms)


Started GET "/posts/" for ::1 at 2018-12-16 18:04:10 -0600
Processing by PostsController#index as HTML
  [1m[35mPost Load (0.4ms)[0m  SELECT "posts".* FROM "posts"
  Rendered posts/index.html.erb within layouts/application (2.2ms)
Completed 200 OK in 34ms (Views: 32.1ms | ActiveRecord: 0.4ms)


Started GET "/posts/" for ::1 at 2018-12-16 18:04:29 -0600
Processing by PostsController#index as HTML
  [1m[36mPost Load (0.2ms)[0m  [1mSELECT "posts".* FROM "posts"[0m
  Rendered posts/index.html.erb within layouts/application (1.8ms)
Completed 200 OK in 31ms (Views: 29.6ms | ActiveRecord: 0.2ms)


Started GET "/posts/1" for ::1 at 2018-12-16 18:07:17 -0600
Processing by PostsController#show as HTML
  Parameters: {"id"=>"1"}
  [1m[35mPost Load (0.2ms)[0m  SELECT  "posts".* FROM "posts" WHERE "posts"."id" = ? LIMIT 1  [["id", 1]]
  Rendered posts/show.html.erb within layouts/application (0.2ms)
Completed 200 OK in 40ms (Views: 38.3ms | ActiveRecord: 0.2ms)


Started GET "/posts/" for ::1 at 2018-12-16 18:07:26 -0600
Processing by PostsController#index as HTML
  Rendered posts/index.html.erb within layouts/application (1.1ms)
Completed 500 Internal Server Error in 16ms (ActiveRecord: 0.0ms)

SyntaxError (/Users/clairenguyen/Development/flatiron/week-4/rails-intro-labs/rails-url-helpers-readme-houston-web-111918/app/views/posts/index.html.erb:22: syntax error, unexpected keyword_ensure, expecting keyword_end
/Users/clairenguyen/Development/flatiron/week-4/rails-intro-labs/rails-url-helpers-readme-houston-web-111918/app/views/posts/index.html.erb:24: syntax error, unexpected end-of-input, expecting keyword_end):
  app/views/posts/index.html.erb:22: syntax error, unexpected keyword_ensure, expecting keyword_end
  app/views/posts/index.html.erb:24: syntax error, unexpected end-of-input, expecting keyword_end


  Rendered /Library/Ruby/Gems/2.3.0/gems/actionpack-4.2.11/lib/action_dispatch/middleware/templates/rescues/_source.erb (7.6ms)
  Rendered /Library/Ruby/Gems/2.3.0/gems/actionpack-4.2.11/lib/action_dispatch/middleware/templates/rescues/_trace.html.erb (3.6ms)
  Rendered /Library/Ruby/Gems/2.3.0/gems/actionpack-4.2.11/lib/action_dispatch/middleware/templates/rescues/_request_and_response.html.erb (0.9ms)
  Rendered /Library/Ruby/Gems/2.3.0/gems/actionpack-4.2.11/lib/action_dispatch/middleware/templates/rescues/diagnostics.html.erb within rescues/layout (95.2ms)


Started GET "/posts/" for ::1 at 2018-12-16 18:07:43 -0600
Processing by PostsController#index as HTML
  [1m[36mPost Load (0.3ms)[0m  [1mSELECT "posts".* FROM "posts"[0m
  Rendered posts/index.html.erb within layouts/application (2.6ms)
Completed 200 OK in 31ms (Views: 29.8ms | ActiveRecord: 0.3ms)
